00:28:35 **** Clean-only build of configuration Debug for project OOP_polymorphism ****
Info: Configuration "Debug" uses tool-chain "Cygwin GCC" that is unsupported on this system, attempting to build anyway.
make clean 
rm -rf  ./main.o ./rectangle.o ./shape.o  ./main.d ./rectangle.d ./shape.d  OOP_polymorphism.exe
 
00:28:37 **** Build of configuration Debug for project OOP_polymorphism ****
Info: Configuration "Debug" uses tool-chain "Cygwin GCC" that is unsupported on this system, attempting to build anyway.
make all 
Building file: ../main.c
Invoking: Cygwin C Compiler
gcc -O0 -g3 -Wall -c -fmessage-length=0 -MMD -MP -MF"main.d" -MT"main.o" -o "main.o" "../main.c"
In file included from ../rectangle.h:11:0,
                 from ../main.c:15:
../shape.h:25:2: error: expected specifier-qualifier-list before '(' token
  (void) (* draw)(shape const * const me);
  ^
../main.c: In function 'main':
../main.c:40:13: warning: passing argument 1 of 'shape_move' from incompatible pointer type [-Wincompatible-pointer-types]
  shape_move(&r1,2,5);
             ^
In file included from ../rectangle.h:11:0,
                 from ../main.c:15:
../shape.h:32:6: note: expected 'shape * {aka struct <anonymous> *}' but argument is of type 'rectangle * {aka struct <anonymous> *}'
 void shape_move(shape *me,int16_t dx,int16_t dy);
      ^~~~~~~~~~
../main.c:21:11: warning: variable 'area' set but not used [-Wunused-but-set-variable]
  uint32_t area;
           ^~~~
make: *** [main.o] Error 1
00:29:10 **** Incremental Build of configuration Debug for project OOP_polymorphism ****
make all 
Building file: ../main.c
Invoking: Cross GCC Compiler
gcc -O0 -g3 -Wall -c -fmessage-length=0 -MMD -MP -MF"main.d" -MT"main.o" -o "main.o" "../main.c"
In file included from ../rectangle.h:11:0,
                 from ../main.c:15:
../shape.h:25:2: error: expected specifier-qualifier-list before '(' token
  (void) (* draw)(shape const * const me);
  ^
../main.c: In function 'main':
../main.c:40:13: warning: passing argument 1 of 'shape_move' from incompatible pointer type [-Wincompatible-pointer-types]
  shape_move(&r1,2,5);
             ^
In file included from ../rectangle.h:11:0,
                 from ../main.c:15:
../shape.h:32:6: note: expected 'shape * {aka struct <anonymous> *}' but argument is of type 'rectangle * {aka struct <anonymous> *}'
 void shape_move(shape *me,int16_t dx,int16_t dy);
      ^~~~~~~~~~
../main.c:21:11: warning: variable 'area' set but not used [-Wunused-but-set-variable]
  uint32_t area;
           ^~~~
make: *** [main.o] Error 1
00:29:21 **** Incremental Build of configuration Debug for project OOP_polymorphism ****
Info: Internal Builder is used for build
gcc -O0 -g3 -Wall -c -fmessage-length=0 -o shape.o "..\\shape.c" 
In file included from ..\shape.c:7:0:
..\shape.h:25:2: error: expected specifier-qualifier-list before '(' token
  (void) (* draw)(shape const * const me);
  ^
..\shape.c: In function 'shape_area_vcall':
..\shape.c:37:17: error: 'const struct shapetable' has no member named 'area'
  return me->vptr->area(me);
                 ^~
..\shape.c: In function 'shape_draw_vcall':
..\shape.c:42:10: error: 'const struct shapetable' has no member named 'draw'
  me->vptr->draw(me);
          ^~
..\shape.c: In function 'shape_area_vcall':
..\shape.c:38:1: warning: control reaches end of non-void function [-Wreturn-type]
 }
 ^
00:29:32 **** Incremental Build of configuration Debug for project OOP_polymorphism ****
Info: Internal Builder is used for build
gcc -O0 -g3 -Wall -c -fmessage-length=0 -o rectangle.o "..\\rectangle.c" 
In file included from ..\rectangle.h:11:0,
                 from ..\rectangle.c:7:
..\shape.h:25:2: error: expected specifier-qualifier-list before '(' token
  (void) (* draw)(shape const * const me);
  ^
00:30:52 **** Incremental Build of configuration Debug for project OOP_polymorphism ****
Info: Internal Builder is used for build
gcc -O0 -g3 -Wall -c -fmessage-length=0 -o rectangle.o "..\\rectangle.c" 
In file included from ..\rectangle.h:11:0,
                 from ..\rectangle.c:7:
..\shape.h:25:2: error: expected specifier-qualifier-list before '(' token
  (void) (* draw)(shape const * const me);
  ^
00:30:57 **** Incremental Build of configuration Debug for project OOP_polymorphism ****
Info: Internal Builder is used for build
gcc -O0 -g3 -Wall -c -fmessage-length=0 -o rectangle.o "..\\rectangle.c" 
In file included from ..\rectangle.h:11:0,
                 from ..\rectangle.c:7:
..\shape.h:25:2: error: expected specifier-qualifier-list before '(' token
  (void) (* draw)(shape const * const me);
  ^
00:31:46 **** Incremental Build of configuration Debug for project OOP_polymorphism ****
Info: Internal Builder is used for build
gcc -O0 -g3 -Wall -c -fmessage-length=0 -o rectangle.o "..\\rectangle.c" 
In file included from ..\rectangle.h:11:0,
                 from ..\rectangle.c:7:
..\shape.h:25:2: error: expected specifier-qualifier-list before '(' token
  (void) (* draw)(shape const * const me);
  ^
00:34:17 **** Incremental Build of configuration Debug for project OOP_polymorphism ****
Info: Internal Builder is used for build
gcc -O0 -g3 -Wall -c -fmessage-length=0 -o shape.o "..\\shape.c" 
In file included from ..\shape.c:7:0:
..\shape.h:25:2: error: expected specifier-qualifier-list before '(' token
  (void) (* draw)(shape const * const me);
  ^
..\shape.c: In function 'shape_area_vcall':
..\shape.c:37:17: error: 'const struct shapetable' has no member named 'area'
  return me->vptr->area(me);
                 ^~
..\shape.c: In function 'shape_draw_vcall':
..\shape.c:41:10: error: 'const struct shapetable' has no member named 'draw'
  me->vptr->draw(me);
          ^~
..\shape.c: In function 'shape_area_vcall':
..\shape.c:38:1: warning: control reaches end of non-void function [-Wreturn-type]
 }
 ^
01:17:32 **** Build of configuration Debug for project polymorphism in c ****
make all 
Building file: ../bsp.c
Invoking: Cross GCC Compiler
gcc -O0 -g3 -Wall -c -fmessage-length=0 -MMD -MP -MF"bsp.d" -MT"bsp.o" -o "bsp.o" "../bsp.c"
../bsp.c:2:17: fatal error: qpc.h: No such file or directory
 #include "qpc.h"
                 ^
compilation terminated.
make: *** [bsp.o] Error 1
01:17:47 **** Incremental Build of configuration Debug for project polymorphism in c ****
make all 
Building file: ../main.c
Invoking: Cross GCC Compiler
gcc -O0 -g3 -Wall -c -fmessage-length=0 -MMD -MP -MF"main.d" -MT"main.o" -o "main.o" "../main.c"
../main.c:1:17: fatal error: qpc.h: No such file or directory
 #include "qpc.h"
                 ^
compilation terminated.
make: *** [main.o] Error 1
01:17:50 **** Incremental Build of configuration Debug for project polymorphism in c ****
make all 
Building file: ../main.c
Invoking: Cross GCC Compiler
gcc -O0 -g3 -Wall -c -fmessage-length=0 -MMD -MP -MF"main.d" -MT"main.o" -o "main.o" "../main.c"
../main.c:1:17: fatal error: qpc.h: No such file or directory
 #include "qpc.h"
                 ^
compilation terminated.
make: *** [main.o] Error 1
01:18:06 **** Incremental Build of configuration Debug for project polymorphism in c ****
make all 
Building file: ../main.c
Invoking: Cross GCC Compiler
gcc -O0 -g3 -Wall -c -fmessage-length=0 -MMD -MP -MF"main.d" -MT"main.o" -o "main.o" "../main.c"
../main.c:1:17: fatal error: qpc.h: No such file or directory
 #include "qpc.h"
                 ^
compilation terminated.
make: *** [main.o] Error 1
01:18:19 **** Incremental Build of configuration Debug for project polymorphism in c ****
make all 
Building file: ../main.c
Invoking: Cross GCC Compiler
gcc -O0 -g3 -Wall -c -fmessage-length=0 -MMD -MP -MF"main.d" -MT"main.o" -o "main.o" "../main.c"
../main.c:1:17: fatal error: qpc.h: No such file or directory
 #include "qpc.h"
                 ^
compilation terminated.
make: *** [main.o] Error 1
01:18:24 **** Incremental Build of configuration Debug for project polymorphism in c ****
make all 
Building file: ../main.c
Invoking: Cross GCC Compiler
gcc -O0 -g3 -Wall -c -fmessage-length=0 -MMD -MP -MF"main.d" -MT"main.o" -o "main.o" "../main.c"
../main.c:2:17: fatal error: bsp.h: No such file or directory
 #include "bsp.h"
                 ^
compilation terminated.
make: *** [main.o] Error 1
01:18:27 **** Incremental Build of configuration Debug for project polymorphism in c ****
make all 
Building file: ../main.c
Invoking: Cross GCC Compiler
gcc -O0 -g3 -Wall -c -fmessage-length=0 -MMD -MP -MF"main.d" -MT"main.o" -o "main.o" "../main.c"
../main.c: In function 'main':
../main.c:37:5: warning: implicit declaration of function 'Q_ASSERT' [-Wimplicit-function-declaration]
     Q_ASSERT(Shape_distanceFrom((Shape *)&r1, (Shape *)&r1) == 0U);
     ^~~~~~~~
Finished building: ../main.c
 
Building file: ../rectangle.c
Invoking: Cross GCC Compiler
gcc -O0 -g3 -Wall -c -fmessage-length=0 -MMD -MP -MF"rectangle.d" -MT"rectangle.o" -o "rectangle.o" "../rectangle.c"
Finished building: ../rectangle.c
 
Building file: ../shape.c
Invoking: Cross GCC Compiler
gcc -O0 -g3 -Wall -c -fmessage-length=0 -MMD -MP -MF"shape.d" -MT"shape.o" -o "shape.o" "../shape.c"
Finished building: ../shape.c
 
Building target: polymorphism in c
Invoking: Cross GCC Linker
gcc  -o "polymorphism in c"  ./main.o ./rectangle.o ./shape.o   
./main.o: In function `main':
E:\Github\OOP in C\polymorphism in c\Debug/../main.c:37: undefined reference to `Q_ASSERT'
E:\Github\OOP in C\polymorphism in c\Debug/../main.c:40: undefined reference to `Q_ASSERT'
E:\Github\OOP in C\polymorphism in c\Debug/../main.c:41: undefined reference to `Q_ASSERT'
E:\Github\OOP in C\polymorphism in c\Debug/../main.c:43: undefined reference to `Q_ASSERT'
collect2.exe: error: ld returned 1 exit status
make: *** [polymorphism in c] Error 1
01:18:56 **** Incremental Build of configuration Debug for project polymorphism in c ****
make all 
Building file: ../main.c
Invoking: Cross GCC Compiler
gcc -O0 -g3 -Wall -c -fmessage-length=0 -MMD -MP -MF"main.d" -MT"main.o" -o "main.o" "../main.c"
Finished building: ../main.c
 
Building target: polymorphism in c
Invoking: Cross GCC Linker
gcc  -o "polymorphism in c"  ./main.o ./rectangle.o ./shape.o   
Finished building target: polymorphism in c
 
